mktextfm KaiTi_GB2312/OT
mktextfm KaiTi_GB2312/OT
mktextfm KaiTi_GB2312/OT
mktextfm KaiTi_GB2312/BI/OT
mktextfm KaiTi_GB2312/OT
mktextfm KaiTi_GB2312/B/OT
mktextfm KaiTi_GB2312/OT
mktextfm KaiTi_GB2312/I/OT
mktextfm KaiTi_GB2312/OT
mktextfm KaiTi_GB2312/OT
mktextfm KaiTi_GB2312/OT
mktextfm HYRuiYiSongX/OT
mktextfm HYRuiYiSongX/OT
mktextfm HYRuiYiSongX/OT
mktextfm HYRuiYiSongX/BI/OT
mktextfm HYRuiYiSongX/OT
mktextfm HYRuiYiSongX/B/OT
mktextfm HYRuiYiSongX/OT
mktextfm HYRuiYiSongX/I/OT
mktextfm HYRuiYiSongX/OT
mktextfm HYRuiYiSongX/OT
mktextfm HYRuiYiSongX/OT
mktextfm HYRuiYiSongX/OT
mktextfm HYRuiYiSongX/OT
mktextfm HYRuiYiSongX/OT
mktextfm HYRuiYiSongX/BI/OT
mktextfm HYRuiYiSongX/OT
mktextfm HYRuiYiSongX/B/OT
mktextfm HYRuiYiSongX/OT
mktextfm HYRuiYiSongX/I/OT
mktextfm HYRuiYiSongX/OT
mktextfm HYRuiYiSongX/OT
mktextfm HYRuiYiSongX/OT
mktextfm HYRuiYiSongX/OT
mktextfm HYRuiYiSongX/OT
mktextfm HYRuiYiSongX/OT
mktextfm HYRuiYiSongX/BI/OT
mktextfm HYRuiYiSongX/OT
mktextfm HYRuiYiSongX/B/OT
mktextfm HYRuiYiSongX/OT
mktextfm HYRuiYiSongX/I/OT
mktextfm HYRuiYiSongX/OT
mktextfm HYRuiYiSongX/OT
mktextfm HYRuiYiSongX/OT
mktextfm HYRuiYiSongX/OT
mktextfm HYRuiYiSongX/OT
mktextfm HYRuiYiSongX/OT
mktextfm HYRuiYiSongX/BI/OT
mktextfm HYRuiYiSongX/OT
mktextfm HYRuiYiSongX/B/OT
mktextfm HYRuiYiSongX/OT
mktextfm HYRuiYiSongX/I/OT
mktextfm HYRuiYiSongX/OT
mktextfm HYRuiYiSongX/OT
mktextfm HYRuiYiSongX/OT
mktextfm HYRuiYiSongX/OT
mktextfm HYRuiYiSongX/OT
mktextfm HYRuiYiSongX/OT
mktextfm HYRuiYiSongX/BI/OT
mktextfm HYRuiYiSongX/OT
mktextfm HYRuiYiSongX/B/OT
mktextfm HYRuiYiSongX/OT
mktextfm HYRuiYiSongX/I/OT
mktextfm HYRuiYiSongX/OT
mktextfm HYRuiYiSongX/OT
mktextfm HYRuiYiSongX/OT
mktextfm HYRuiYiSongX/OT
mktextfm HYRuiYiSongX/OT
mktextfm HYRuiYiSongX/OT
mktextfm HYRuiYiSongX/BI/OT
mktextfm HYRuiYiSongX/OT
mktextfm HYRuiYiSongX/B/OT
mktextfm HYRuiYiSongX/OT
mktextfm HYRuiYiSongX/I/OT
mktextfm HYRuiYiSongX/OT
mktextfm HYRuiYiSongX/OT
mktextfm HYRuiYiSongX/OT
