\BOOKMARK [0][-]{chineseabstract.0}{\376\377\116\055\145\207\144\130\211\201}{}% 1
\BOOKMARK [0][-]{englishabstract.0}{\376\377\202\361\145\207\144\130\211\201}{}% 2
\BOOKMARK [0][-]{toc.0}{\376\377\166\356\137\125}{}% 3
\BOOKMARK [0][-]{symbolstable.0}{\376\377\116\073\211\201\173\046\123\367\133\371\161\147\210\150}{}% 4
\BOOKMARK [0][-]{chapter.1}{\376\377\173\054\116\000\172\340\000\040\000l\000a\000t\000e\000x\152\041\147\177\116\313\176\315}{}% 5
\BOOKMARK [1][-]{section.1.1}{\376\377\0001\000.\0001\000\040\177\026\213\321\145\271\137\017\213\276\177\156}{chapter.1}% 6
\BOOKMARK [1][-]{section.1.2}{\376\377\0001\000.\0002\000\040\000l\000a\000t\000e\000x\133\211\210\305\145\131\172\013}{chapter.1}% 7
\BOOKMARK [1][-]{section.1.3}{\376\377\0001\000.\0003\000\040\133\127\117\123\133\211\210\305}{chapter.1}% 8
\BOOKMARK [0][-]{chapter.2}{\376\377\173\054\116\214\172\340\000\040\000l\000a\000t\000e\000x\213\276\177\156\213\364\146\016}{}% 9
\BOOKMARK [1][-]{section.2.1}{\376\377\0002\000.\0001\000\040\213\355\212\000\152\041\137\017}{chapter.2}% 10
\BOOKMARK [1][-]{section.2.2}{\376\377\0002\000.\0002\000\040\150\007\230\230\213\276\177\156}{chapter.2}% 11
\BOOKMARK [1][-]{section.2.3}{\376\377\0002\000.\0003\000\040\126\376\162\107\213\276\177\156}{chapter.2}% 12
\BOOKMARK [2][-]{subsection.2.3.1}{\376\377\0002\000.\0003\000.\0001\000\040\126\376\162\107\150\074\137\017\217\154\143\142}{section.2.3}% 13
\BOOKMARK [2][-]{subsection.2.3.2}{\376\377\0002\000.\0003\000.\0002\000\040\126\376\162\107\137\025\165\050}{section.2.3}% 14
\BOOKMARK [1][-]{section.2.4}{\376\377\0002\000.\0004\000\040\121\154\137\017\137\025\165\050}{chapter.2}% 15
\BOOKMARK [0][-]{chapter.3}{\376\377\173\054\116\011\172\340\000\040\210\150\150\074\137\025\165\050}{}% 16
\BOOKMARK [1][-]{section.3.1}{\376\377\0003\000.\0001\000\040\210\150\150\074\137\025\165\050}{chapter.3}% 17
\BOOKMARK [1][-]{section.3.2}{\376\377\0003\000.\0002\000\040\000a\000l\000g\000o\000r\000i\000t\000h\000m\173\227\154\325\117\177\165\050}{chapter.3}% 18
\BOOKMARK [1][-]{section.3.3}{\376\377\0003\000.\0003\000\040\133\232\116\111\137\025\165\050}{chapter.3}% 19
\BOOKMARK [0][-]{chapter.4}{\376\377\173\054\126\333\172\340\000\040\000B\000I\000B\123\302\200\003\145\207\163\056\145\160\143\156\123\312\217\157\116\366\117\177\165\050}{}% 20
\BOOKMARK [1][-]{section.4.1}{\376\377\0004\000.\0001\000\040\000J\000a\000b\000R\000e\000f\133\211\210\305}{chapter.4}% 21
\BOOKMARK [1][-]{section.4.2}{\376\377\0004\000.\0002\000\040\117\177\165\050\145\271\154\325}{chapter.4}% 22
\BOOKMARK [1][-]{section.4.3}{\376\377\0004\000.\0003\000\040\145\207\163\056\137\025\165\050}{chapter.4}% 23
\BOOKMARK [1][-]{section.4.4}{\376\377\0004\000.\0004\000\040\123\302\200\003\145\207\163\056}{chapter.4}% 24
\BOOKMARK [2][-]{subsection.4.4.1}{\376\377\0004\000.\0004\000.\0001\000\040\123\302\200\003\145\207\163\056\137\025\165\050\145\271\154\325}{section.4.4}% 25
\BOOKMARK [2][-]{subsection.4.4.2}{\376\377\0004\000.\0004\000.\0002\000\040\123\302\200\003\145\207\163\056\137\025\165\050\171\072\117\213}{section.4.4}% 26
\BOOKMARK [0][-]{chapter.5}{\376\377\173\054\116\224\172\340\000\040\140\073\176\323\116\016\134\125\147\033}{}% 27
\BOOKMARK [1][-]{section.5.1}{\376\377\0005\000.\0001\000\040\135\345\117\134\140\073\176\323}{chapter.5}% 28
\BOOKMARK [1][-]{section.5.2}{\376\377\0005\000.\0002\000\040\135\345\117\134\134\125\147\033}{chapter.5}% 29
\BOOKMARK [0][-]{chapter*.22}{\376\377\123\302\200\003\145\207\163\056}{}% 30
\BOOKMARK [0][-]{chapter*.23}{\376\377\201\364\000\040\214\042}{}% 31
\BOOKMARK [0][-]{chapter*.24}{\376\377\116\052\116\272\173\200\123\206\060\001\127\050\133\146\147\037\225\364\123\321\210\150\166\204\133\146\147\057\213\272\145\207\116\016\170\024\172\166\142\020\147\234}{}% 32
